c:\users\jstrelow\desktop\6. semester\computergrafik\hausarbeit\project\cgvstudio\cgvstudio\release\vc143.pdb
c:\users\jstrelow\desktop\6. semester\computergrafik\hausarbeit\project\cgvstudio\cgvstudio\release\main.obj
c:\users\jstrelow\desktop\6. semester\computergrafik\hausarbeit\project\cgvstudio\cgvstudio\release\lineplanemodel.obj
c:\users\jstrelow\desktop\6. semester\computergrafik\hausarbeit\project\cgvstudio\cgvstudio\release\lineboxmodel.obj
c:\users\jstrelow\desktop\6. semester\computergrafik\hausarbeit\project\cgvstudio\cgvstudio\release\lights.obj
c:\users\jstrelow\desktop\6. semester\computergrafik\hausarbeit\project\cgvstudio\cgvstudio\release\shaderlightmapper.obj
c:\users\jstrelow\desktop\6. semester\computergrafik\hausarbeit\project\cgvstudio\cgvstudio\release\postprocessshader.obj
c:\users\jstrelow\desktop\6. semester\computergrafik\hausarbeit\project\cgvstudio\cgvstudio\release\player.obj
c:\users\jstrelow\desktop\6. semester\computergrafik\hausarbeit\project\cgvstudio\cgvstudio\release\perlin.obj
c:\users\jstrelow\desktop\6. semester\computergrafik\hausarbeit\project\cgvstudio\cgvstudio\release\mathf.obj
c:\users\jstrelow\desktop\6. semester\computergrafik\hausarbeit\project\cgvstudio\cgvstudio\release\indexbuffer.obj
c:\users\jstrelow\desktop\6. semester\computergrafik\hausarbeit\project\cgvstudio\cgvstudio\release\framebuffer.obj
c:\users\jstrelow\desktop\6. semester\computergrafik\hausarbeit\project\cgvstudio\cgvstudio\release\constantshader.obj
c:\users\jstrelow\desktop\6. semester\computergrafik\hausarbeit\project\cgvstudio\cgvstudio\release\color.obj
c:\users\jstrelow\desktop\6. semester\computergrafik\hausarbeit\project\cgvstudio\cgvstudio\release\coin.obj
c:\users\jstrelow\desktop\6. semester\computergrafik\hausarbeit\project\cgvstudio\cgvstudio\release\capsulecollision.obj
c:\users\jstrelow\desktop\6. semester\computergrafik\hausarbeit\project\cgvstudio\cgvstudio\release\camera.obj
c:\users\jstrelow\desktop\6. semester\computergrafik\hausarbeit\project\cgvstudio\cgvstudio\release\baseshader.obj
c:\users\jstrelow\desktop\6. semester\computergrafik\hausarbeit\project\cgvstudio\cgvstudio\release\basemodel.obj
c:\users\jstrelow\desktop\6. semester\computergrafik\hausarbeit\project\cgvstudio\cgvstudio\release\application.obj
c:\users\jstrelow\desktop\6. semester\computergrafik\hausarbeit\project\cgvstudio\cgvstudio\release\aabb.obj
c:\users\jstrelow\desktop\6. semester\computergrafik\hausarbeit\project\cgvstudio\cgvstudio\release\vertexbuffer.obj
c:\users\jstrelow\desktop\6. semester\computergrafik\hausarbeit\project\cgvstudio\cgvstudio\release\vector.obj
c:\users\jstrelow\desktop\6. semester\computergrafik\hausarbeit\project\cgvstudio\cgvstudio\release\trianglespheremodel.obj
c:\users\jstrelow\desktop\6. semester\computergrafik\hausarbeit\project\cgvstudio\cgvstudio\release\triangleplanemodel.obj
c:\users\jstrelow\desktop\6. semester\computergrafik\hausarbeit\project\cgvstudio\cgvstudio\release\triangleboxmodel.obj
c:\users\jstrelow\desktop\6. semester\computergrafik\hausarbeit\project\cgvstudio\cgvstudio\release\imgui_impl_opengl3.obj
c:\users\jstrelow\desktop\6. semester\computergrafik\hausarbeit\project\cgvstudio\cgvstudio\release\imgui_impl_glfw.obj
c:\users\jstrelow\desktop\6. semester\computergrafik\hausarbeit\project\cgvstudio\cgvstudio\release\imgui_widgets.obj
c:\users\jstrelow\desktop\6. semester\computergrafik\hausarbeit\project\cgvstudio\cgvstudio\release\imgui_tables.obj
c:\users\jstrelow\desktop\6. semester\computergrafik\hausarbeit\project\cgvstudio\cgvstudio\release\imgui_draw.obj
c:\users\jstrelow\desktop\6. semester\computergrafik\hausarbeit\project\cgvstudio\cgvstudio\release\imgui.obj
c:\users\jstrelow\desktop\6. semester\computergrafik\hausarbeit\project\cgvstudio\cgvstudio\release\texture.obj
c:\users\jstrelow\desktop\6. semester\computergrafik\hausarbeit\project\cgvstudio\cgvstudio\release\terrainshader.obj
c:\users\jstrelow\desktop\6. semester\computergrafik\hausarbeit\project\cgvstudio\cgvstudio\release\terrain.obj
c:\users\jstrelow\desktop\6. semester\computergrafik\hausarbeit\project\cgvstudio\cgvstudio\release\shadowmapgenerator.obj
c:\users\jstrelow\desktop\6. semester\computergrafik\hausarbeit\project\cgvstudio\cgvstudio\release\rgbimage.obj
c:\users\jstrelow\desktop\6. semester\computergrafik\hausarbeit\project\cgvstudio\cgvstudio\release\phongshader.obj
c:\users\jstrelow\desktop\6. semester\computergrafik\hausarbeit\project\cgvstudio\cgvstudio\release\model.obj
c:\users\jstrelow\desktop\6. semester\computergrafik\hausarbeit\project\cgvstudio\cgvstudio\release\matrix.obj
c:\users\jstrelow\desktop\6. semester\computergrafik\hausarbeit\project\cgvstudio\release\cgvstudio.exe
c:\users\jstrelow\desktop\6. semester\computergrafik\hausarbeit\project\cgvstudio\release\cgvstudio.pdb
c:\users\jstrelow\desktop\6. semester\computergrafik\hausarbeit\project\cgvstudio\cgvstudio\release\cgvstudio.ipdb
c:\users\jstrelow\desktop\6. semester\computergrafik\hausarbeit\project\cgvstudio\cgvstudio\release\cgvstudio.iobj
c:\users\jstrelow\desktop\6. semester\computergrafik\hausarbeit\project\cgvstudio\cgvstudio\release\cgvstudio.tlog\cl.command.1.tlog
c:\users\jstrelow\desktop\6. semester\computergrafik\hausarbeit\project\cgvstudio\cgvstudio\release\cgvstudio.tlog\cl.items.tlog
c:\users\jstrelow\desktop\6. semester\computergrafik\hausarbeit\project\cgvstudio\cgvstudio\release\cgvstudio.tlog\cl.read.1.tlog
c:\users\jstrelow\desktop\6. semester\computergrafik\hausarbeit\project\cgvstudio\cgvstudio\release\cgvstudio.tlog\cl.write.1.tlog
c:\users\jstrelow\desktop\6. semester\computergrafik\hausarbeit\project\cgvstudio\cgvstudio\release\cgvstudio.tlog\link.command.1.tlog
c:\users\jstrelow\desktop\6. semester\computergrafik\hausarbeit\project\cgvstudio\cgvstudio\release\cgvstudio.tlog\link.read.1.tlog
c:\users\jstrelow\desktop\6. semester\computergrafik\hausarbeit\project\cgvstudio\cgvstudio\release\cgvstudio.tlog\link.secondary.1.tlog
c:\users\jstrelow\desktop\6. semester\computergrafik\hausarbeit\project\cgvstudio\cgvstudio\release\cgvstudio.tlog\link.write.1.tlog
